# Logfile created on 2014-08-29 18:57:41 +0200 by logger.rb/41954
I, [2014-08-29T18:57:41.492787 #85830]  INFO -- : 0:  rake (10.3.2) from /Users/peterberkenbosch/.gem/ruby/2.0.0/specifications/rake-10.3.2.gemspec
I, [2014-08-29T18:57:41.493086 #85830]  INFO -- : 0:  i18n (0.6.11) from /Users/peterberkenbosch/.gem/ruby/2.0.0/specifications/i18n-0.6.11.gemspec
I, [2014-08-29T18:57:41.493308 #85830]  INFO -- : 0:  json (1.8.1) from /Users/peterberkenbosch/.gem/ruby/2.0.0/specifications/json-1.8.1.gemspec
I, [2014-08-29T18:57:42.639494 #85830]  INFO -- : 0:  minitest (5.4.1) from /Users/peterberkenbosch/.gem/ruby/2.0.0/specifications/minitest-5.4.1.gemspec
I, [2014-08-29T18:57:42.639840 #85830]  INFO -- : 0:  thread_safe (0.3.4) from /Users/peterberkenbosch/.gem/ruby/2.0.0/specifications/thread_safe-0.3.4.gemspec
I, [2014-08-29T18:57:42.640069 #85830]  INFO -- : 0:  tzinfo (1.2.2) from /Users/peterberkenbosch/.gem/ruby/2.0.0/specifications/tzinfo-1.2.2.gemspec
I, [2014-08-29T18:57:42.640318 #85830]  INFO -- : 0:  activesupport (4.1.5) from /Users/peterberkenbosch/.gem/ruby/2.0.0/specifications/activesupport-4.1.5.gemspec
I, [2014-08-29T18:57:42.640539 #85830]  INFO -- : 0:  builder (3.2.2) from /Users/peterberkenbosch/.gem/ruby/2.0.0/specifications/builder-3.2.2.gemspec
I, [2014-08-29T18:57:42.640747 #85830]  INFO -- : 0:  erubis (2.7.0) from /Users/peterberkenbosch/.gem/ruby/2.0.0/specifications/erubis-2.7.0.gemspec
I, [2014-08-29T18:57:42.640947 #85830]  INFO -- : 0:  actionview (4.1.5) from /Users/peterberkenbosch/.gem/ruby/2.0.0/specifications/actionview-4.1.5.gemspec
I, [2014-08-29T18:57:42.641153 #85830]  INFO -- : 0:  rack (1.5.2) from /Users/peterberkenbosch/.gem/ruby/2.0.0/specifications/rack-1.5.2.gemspec
I, [2014-08-29T18:57:42.641348 #85830]  INFO -- : 0:  rack-test (0.6.2) from /Users/peterberkenbosch/.gem/ruby/2.0.0/specifications/rack-test-0.6.2.gemspec
I, [2014-08-29T18:57:42.641576 #85830]  INFO -- : 0:  actionpack (4.1.5) from /Users/peterberkenbosch/.gem/ruby/2.0.0/specifications/actionpack-4.1.5.gemspec
I, [2014-08-29T18:57:42.641782 #85830]  INFO -- : 0:  mime-types (1.25.1) from /Users/peterberkenbosch/.gem/ruby/2.0.0/specifications/mime-types-1.25.1.gemspec
I, [2014-08-29T18:57:42.641981 #85830]  INFO -- : 0:  polyglot (0.3.5) from /Users/peterberkenbosch/.gem/ruby/2.0.0/specifications/polyglot-0.3.5.gemspec
I, [2014-08-29T18:57:42.642189 #85830]  INFO -- : 0:  treetop (1.4.15) from /Users/peterberkenbosch/.gem/ruby/2.0.0/specifications/treetop-1.4.15.gemspec
I, [2014-08-29T18:57:42.642383 #85830]  INFO -- : 0:  mail (2.5.4) from /Users/peterberkenbosch/.gem/ruby/2.0.0/specifications/mail-2.5.4.gemspec
I, [2014-08-29T18:57:42.642598 #85830]  INFO -- : 0:  actionmailer (4.1.5) from /Users/peterberkenbosch/.gem/ruby/2.0.0/specifications/actionmailer-4.1.5.gemspec
I, [2014-08-29T18:57:42.642787 #85830]  INFO -- : 0:  active_utils (2.2.3) from /Users/peterberkenbosch/.gem/ruby/2.0.0/specifications/active_utils-2.2.3.gemspec
I, [2014-08-29T18:57:42.642952 #85830]  INFO -- : 0:  money (6.1.1) from /Users/peterberkenbosch/.gem/ruby/2.0.0/specifications/money-6.1.1.gemspec
I, [2014-08-29T18:57:42.643139 #85830]  INFO -- : 0:  mini_portile (0.6.0) from /Users/peterberkenbosch/.gem/ruby/2.0.0/specifications/mini_portile-0.6.0.gemspec
I, [2014-08-29T18:57:42.643379 #85830]  INFO -- : 0:  nokogiri (1.6.3.1) from /Users/peterberkenbosch/.gem/ruby/2.0.0/specifications/nokogiri-1.6.3.1.gemspec
I, [2014-08-29T18:57:42.643567 #85830]  INFO -- : 0:  activemerchant (1.43.3) from /Users/peterberkenbosch/.gem/ruby/2.0.0/specifications/activemerchant-1.43.3.gemspec
I, [2014-08-29T18:57:42.643804 #85830]  INFO -- : 0:  activemodel (4.1.5) from /Users/peterberkenbosch/.gem/ruby/2.0.0/specifications/activemodel-4.1.5.gemspec
I, [2014-08-29T18:57:42.644027 #85830]  INFO -- : 0:  arel (5.0.1.20140414130214) from /Users/peterberkenbosch/.gem/ruby/2.0.0/specifications/arel-5.0.1.20140414130214.gemspec
I, [2014-08-29T18:57:42.644248 #85830]  INFO -- : 0:  activerecord (4.1.5) from /Users/peterberkenbosch/.gem/ruby/2.0.0/specifications/activerecord-4.1.5.gemspec
I, [2014-08-29T18:57:42.644488 #85830]  INFO -- : 0:  acts_as_list (0.3.0) from /Users/peterberkenbosch/.gem/ruby/2.0.0/specifications/acts_as_list-0.3.0.gemspec
I, [2014-08-29T18:57:42.644699 #85830]  INFO -- : 0:  awesome_nested_set (3.0.0) from /Users/peterberkenbosch/.gem/ruby/2.0.0/specifications/awesome_nested_set-3.0.0.gemspec
I, [2014-08-29T18:57:42.644904 #85830]  INFO -- : 0:  bcrypt (3.1.7) from /Users/peterberkenbosch/.gem/ruby/2.0.0/specifications/bcrypt-3.1.7.gemspec
I, [2014-08-29T18:57:42.645092 #85830]  INFO -- : 0:  bundler (1.5.1) from /Users/peterberkenbosch/.gem/ruby/2.0.0/specifications/bundler-1.5.1.gemspec
I, [2014-08-29T18:57:42.645291 #85830]  INFO -- : 0:  camertron-eprun (1.1.0) from /Users/peterberkenbosch/.gem/ruby/2.0.0/specifications/camertron-eprun-1.1.0.gemspec
I, [2014-08-29T18:57:42.645479 #85830]  INFO -- : 0:  cancan (1.6.10) from /Users/peterberkenbosch/.gem/ruby/2.0.0/specifications/cancan-1.6.10.gemspec
I, [2014-08-29T18:57:42.645641 #85830]  INFO -- : 0:  cancancan (1.8.4) from /Users/peterberkenbosch/.gem/ruby/2.0.0/specifications/cancancan-1.8.4.gemspec
I, [2014-08-29T18:57:42.645810 #85830]  INFO -- : 0:  thor (0.19.1) from /Users/peterberkenbosch/.gem/ruby/2.0.0/specifications/thor-0.19.1.gemspec
I, [2014-08-29T18:57:42.645999 #85830]  INFO -- : 0:  railties (4.1.5) from /Users/peterberkenbosch/.gem/ruby/2.0.0/specifications/railties-4.1.5.gemspec
I, [2014-08-29T18:57:42.646167 #85830]  INFO -- : 0:  hike (1.2.3) from /Users/peterberkenbosch/.gem/ruby/2.0.0/specifications/hike-1.2.3.gemspec
I, [2014-08-29T18:57:42.646343 #85830]  INFO -- : 0:  multi_json (1.10.1) from /Users/peterberkenbosch/.gem/ruby/2.0.0/specifications/multi_json-1.10.1.gemspec
I, [2014-08-29T18:57:42.646520 #85830]  INFO -- : 0:  tilt (1.4.1) from /Users/peterberkenbosch/.gem/ruby/2.0.0/specifications/tilt-1.4.1.gemspec
I, [2014-08-29T18:57:42.646718 #85830]  INFO -- : 0:  sprockets (2.11.0) from /Users/peterberkenbosch/.gem/ruby/2.0.0/specifications/sprockets-2.11.0.gemspec
I, [2014-08-29T18:57:42.646893 #85830]  INFO -- : 0:  sprockets-rails (2.1.3) from /Users/peterberkenbosch/.gem/ruby/2.0.0/specifications/sprockets-rails-2.1.3.gemspec
I, [2014-08-29T18:57:42.647080 #85830]  INFO -- : 0:  rails (4.1.5) from /Users/peterberkenbosch/.gem/ruby/2.0.0/specifications/rails-4.1.5.gemspec
I, [2014-08-29T18:57:42.647261 #85830]  INFO -- : 0:  canonical-rails (0.0.7) from /Users/peterberkenbosch/.gem/ruby/2.0.0/specifications/canonical-rails-0.0.7.gemspec
I, [2014-08-29T18:57:42.647432 #85830]  INFO -- : 0:  xpath (2.0.0) from /Users/peterberkenbosch/.gem/ruby/2.0.0/specifications/xpath-2.0.0.gemspec
I, [2014-08-29T18:57:42.647607 #85830]  INFO -- : 0:  capybara (2.4.1) from /Users/peterberkenbosch/.gem/ruby/2.0.0/specifications/capybara-2.4.1.gemspec
I, [2014-08-29T18:57:42.647772 #85830]  INFO -- : 0:  ffi (1.9.3) from /Users/peterberkenbosch/.gem/ruby/2.0.0/specifications/ffi-1.9.3.gemspec
I, [2014-08-29T18:57:42.647969 #85830]  INFO -- : 0:  childprocess (0.5.3) from /Users/peterberkenbosch/.gem/ruby/2.0.0/specifications/childprocess-0.5.3.gemspec
I, [2014-08-29T18:57:42.648132 #85830]  INFO -- : 0:  climate_control (0.0.3) from /Users/peterberkenbosch/.gem/ruby/2.0.0/specifications/climate_control-0.0.3.gemspec
I, [2014-08-29T18:57:42.648334 #85830]  INFO -- : 0:  cocaine (0.5.4) from /Users/peterberkenbosch/.gem/ruby/2.0.0/specifications/cocaine-0.5.4.gemspec
I, [2014-08-29T18:57:42.648539 #85830]  INFO -- : 0:  coffee-script-source (1.8.0) from /Users/peterberkenbosch/.gem/ruby/2.0.0/specifications/coffee-script-source-1.8.0.gemspec
I, [2014-08-29T18:57:42.648711 #85830]  INFO -- : 0:  execjs (2.2.1) from /Users/peterberkenbosch/.gem/ruby/2.0.0/specifications/execjs-2.2.1.gemspec
I, [2014-08-29T18:57:42.648888 #85830]  INFO -- : 0:  coffee-script (2.3.0) from /Users/peterberkenbosch/.gem/ruby/2.0.0/specifications/coffee-script-2.3.0.gemspec
I, [2014-08-29T18:57:42.649070 #85830]  INFO -- : 0:  coffee-rails (4.0.1) from /Users/peterberkenbosch/.gem/ruby/2.0.0/specifications/coffee-rails-4.0.1.gemspec
I, [2014-08-29T18:57:42.649250 #85830]  INFO -- : 0:  colorize (0.7.3) from /Users/peterberkenbosch/.gem/ruby/2.0.0/specifications/colorize-0.7.3.gemspec
I, [2014-08-29T18:57:42.649434 #85830]  INFO -- : 0:  database_cleaner (1.3.0) from /Users/peterberkenbosch/.gem/ruby/2.0.0/specifications/database_cleaner-1.3.0.gemspec
I, [2014-08-29T18:57:42.649593 #85830]  INFO -- : 0:  deface (1.0.0) from /Users/peterberkenbosch/.gem/ruby/2.0.0/specifications/deface-1.0.0.gemspec
I, [2014-08-29T18:57:42.649770 #85830]  INFO -- : 0:  orm_adapter (0.5.0) from /Users/peterberkenbosch/.gem/ruby/2.0.0/specifications/orm_adapter-0.5.0.gemspec
I, [2014-08-29T18:57:42.649925 #85830]  INFO -- : 0:  warden (1.2.3) from /Users/peterberkenbosch/.gem/ruby/2.0.0/specifications/warden-1.2.3.gemspec
I, [2014-08-29T18:57:42.650108 #85830]  INFO -- : 0:  devise (3.2.4) from /Users/peterberkenbosch/.gem/ruby/2.0.0/specifications/devise-3.2.4.gemspec
I, [2014-08-29T18:57:42.650268 #85830]  INFO -- : 0:  devise-encryptable (0.1.2) from /Users/peterberkenbosch/.gem/ruby/2.0.0/specifications/devise-encryptable-0.1.2.gemspec
I, [2014-08-29T18:57:42.650446 #85830]  INFO -- : 0:  diff-lcs (1.2.5) from /Users/peterberkenbosch/.gem/ruby/2.0.0/specifications/diff-lcs-1.2.5.gemspec
I, [2014-08-29T18:57:42.650625 #85830]  INFO -- : 0:  docile (1.1.5) from /Users/peterberkenbosch/.gem/ruby/2.0.0/specifications/docile-1.1.5.gemspec
I, [2014-08-29T18:57:42.650811 #85830]  INFO -- : 0:  factory_girl (4.4.0) from /Users/peterberkenbosch/.gem/ruby/2.0.0/specifications/factory_girl-4.4.0.gemspec
I, [2014-08-29T18:57:42.650998 #85830]  INFO -- : 0:  ffaker (1.25.0) from /Users/peterberkenbosch/.gem/ruby/2.0.0/specifications/ffaker-1.25.0.gemspec
I, [2014-08-29T18:57:42.651197 #85830]  INFO -- : 0:  font-awesome-rails (4.2.0.0) from /Users/peterberkenbosch/.gem/ruby/2.0.0/specifications/font-awesome-rails-4.2.0.0.gemspec
I, [2014-08-29T18:57:42.651386 #85830]  INFO -- : 0:  friendly_id (5.0.4) from /Users/peterberkenbosch/.gem/ruby/2.0.0/specifications/friendly_id-5.0.4.gemspec
I, [2014-08-29T18:57:42.651570 #85830]  INFO -- : 0:  highline (1.6.21) from /Users/peterberkenbosch/.gem/ruby/2.0.0/specifications/highline-1.6.21.gemspec
I, [2014-08-29T18:57:42.651766 #85830]  INFO -- : 0:  multi_xml (0.5.5) from /Users/peterberkenbosch/.gem/ruby/2.0.0/specifications/multi_xml-0.5.5.gemspec
I, [2014-08-29T18:57:42.651949 #85830]  INFO -- : 0:  httparty (0.13.1) from /Users/peterberkenbosch/.gem/ruby/2.0.0/specifications/httparty-0.13.1.gemspec
I, [2014-08-29T18:57:42.652136 #85830]  INFO -- : 0:  jquery-rails (3.1.0) from /Users/peterberkenbosch/.gem/ruby/2.0.0/specifications/jquery-rails-3.1.0.gemspec
I, [2014-08-29T18:57:42.652319 #85830]  INFO -- : 0:  jquery-ui-rails (4.1.2) from /Users/peterberkenbosch/.gem/ruby/2.0.0/specifications/jquery-ui-rails-4.1.2.gemspec
I, [2014-08-29T18:57:42.652504 #85830]  INFO -- : 0:  kaminari (0.15.1) from /Users/peterberkenbosch/.gem/ruby/2.0.0/specifications/kaminari-0.15.1.gemspec
I, [2014-08-29T18:57:42.652691 #85830]  INFO -- : 0:  monetize (0.3.0) from /Users/peterberkenbosch/.gem/ruby/2.0.0/specifications/monetize-0.3.0.gemspec
I, [2014-08-29T18:57:42.652894 #85830]  INFO -- : 0:  paperclip (4.2.0) from /Users/peterberkenbosch/.gem/ruby/2.0.0/specifications/paperclip-4.2.0.gemspec
I, [2014-08-29T18:57:42.653109 #85830]  INFO -- : 0:  paranoia (2.0.2) from /Users/peterberkenbosch/.gem/ruby/2.0.0/specifications/paranoia-2.0.2.gemspec
I, [2014-08-29T18:57:42.653325 #85830]  INFO -- : 0:  polyamorous (1.0.0) from /Users/peterberkenbosch/.gem/ruby/2.0.0/specifications/polyamorous-1.0.0.gemspec
I, [2014-08-29T18:57:42.653542 #85830]  INFO -- : 0:  rabl (0.9.4.pre1) from /Users/peterberkenbosch/.gem/ruby/2.0.0/specifications/rabl-0.9.4.pre1.gemspec
I, [2014-08-29T18:57:42.653776 #85830]  INFO -- : 0:  ransack (1.2.3) from /Users/peterberkenbosch/.gem/ruby/2.0.0/specifications/ransack-1.2.3.gemspec
I, [2014-08-29T18:57:42.654001 #85830]  INFO -- : 0:  rspec-expectations (2.99.2) from /Users/peterberkenbosch/.gem/ruby/2.0.0/specifications/rspec-expectations-2.99.2.gemspec
I, [2014-08-29T18:57:42.654228 #85830]  INFO -- : 0:  rspec-collection_matchers (1.0.0) from /Users/peterberkenbosch/.gem/ruby/2.0.0/specifications/rspec-collection_matchers-1.0.0.gemspec
I, [2014-08-29T18:57:42.654457 #85830]  INFO -- : 0:  rspec-core (2.99.2) from /Users/peterberkenbosch/.gem/ruby/2.0.0/specifications/rspec-core-2.99.2.gemspec
I, [2014-08-29T18:57:42.654712 #85830]  INFO -- : 0:  rspec-mocks (2.99.2) from /Users/peterberkenbosch/.gem/ruby/2.0.0/specifications/rspec-mocks-2.99.2.gemspec
I, [2014-08-29T18:57:42.654909 #85830]  INFO -- : 0:  rspec-rails (2.99.0) from /Users/peterberkenbosch/.gem/ruby/2.0.0/specifications/rspec-rails-2.99.0.gemspec
I, [2014-08-29T18:57:42.655102 #85830]  INFO -- : 0:  rubyzip (1.1.6) from /Users/peterberkenbosch/.gem/ruby/2.0.0/specifications/rubyzip-1.1.6.gemspec
I, [2014-08-29T18:57:42.655297 #85830]  INFO -- : 0:  sass (3.2.19) from /Users/peterberkenbosch/.gem/ruby/2.0.0/specifications/sass-3.2.19.gemspec
I, [2014-08-29T18:57:42.655486 #85830]  INFO -- : 0:  sass-rails (4.0.3) from /Users/peterberkenbosch/.gem/ruby/2.0.0/specifications/sass-rails-4.0.3.gemspec
I, [2014-08-29T18:57:42.655682 #85830]  INFO -- : 0:  select2-rails (3.5.9.1) from /Users/peterberkenbosch/.gem/ruby/2.0.0/specifications/select2-rails-3.5.9.1.gemspec
I, [2014-08-29T18:57:42.655868 #85830]  INFO -- : 0:  websocket (1.0.7) from /Users/peterberkenbosch/.gem/ruby/2.0.0/specifications/websocket-1.0.7.gemspec
I, [2014-08-29T18:57:42.656056 #85830]  INFO -- : 0:  selenium-webdriver (2.42.0) from /Users/peterberkenbosch/.gem/ruby/2.0.0/specifications/selenium-webdriver-2.42.0.gemspec
I, [2014-08-29T18:57:42.656243 #85830]  INFO -- : 0:  simplecov-html (0.8.0) from /Users/peterberkenbosch/.gem/ruby/2.0.0/specifications/simplecov-html-0.8.0.gemspec
I, [2014-08-29T18:57:42.656438 #85830]  INFO -- : 0:  simplecov (0.9.0) from /Users/peterberkenbosch/.gem/ruby/2.0.0/specifications/simplecov-0.9.0.gemspec
I, [2014-08-29T18:57:42.656618 #85830]  INFO -- : 0:  state_machine (1.2.0) from /Users/peterberkenbosch/.gem/ruby/2.0.0/specifications/state_machine-1.2.0.gemspec
I, [2014-08-29T18:57:42.656801 #85830]  INFO -- : 0:  stringex (1.5.1) from /Users/peterberkenbosch/.gem/ruby/2.0.0/specifications/stringex-1.5.1.gemspec
I, [2014-08-29T18:57:42.656995 #85830]  INFO -- : 0:  truncate_html (0.9.2) from /Users/peterberkenbosch/.gem/ruby/2.0.0/specifications/truncate_html-0.9.2.gemspec
I, [2014-08-29T18:57:42.657178 #85830]  INFO -- : 0:  twitter_cldr (3.0.7) from /Users/peterberkenbosch/.gem/ruby/2.0.0/specifications/twitter_cldr-3.0.7.gemspec
I, [2014-08-29T18:57:43.042590 #85830]  INFO -- : 0:  spree_core (2.4.0.beta) from /Users/peterberkenbosch/.gem/ruby/2.0.0/bundler/gems/spree-108bd3d988c7/core/spree_core.gemspec
I, [2014-08-29T18:57:43.042911 #85830]  INFO -- : 0:  versioncake (2.3.1) from /Users/peterberkenbosch/.gem/ruby/2.0.0/specifications/versioncake-2.3.1.gemspec
I, [2014-08-29T18:57:43.187150 #85830]  INFO -- : 0:  spree_api (2.4.0.beta) from /Users/peterberkenbosch/.gem/ruby/2.0.0/bundler/gems/spree-108bd3d988c7/api/spree_api.gemspec
I, [2014-08-29T18:57:43.539464 #85830]  INFO -- : 0:  spree_backend (2.4.0.beta) from /Users/peterberkenbosch/.gem/ruby/2.0.0/bundler/gems/spree-108bd3d988c7/backend/spree_backend.gemspec
I, [2014-08-29T18:57:43.552645 #85830]  INFO -- : 0:  spree_cmd (2.4.0.beta) from /Users/peterberkenbosch/.gem/ruby/2.0.0/bundler/gems/spree-108bd3d988c7/cmd/spree_cmd.gemspec
I, [2014-08-29T18:57:43.809325 #85830]  INFO -- : 0:  spree_frontend (2.4.0.beta) from /Users/peterberkenbosch/.gem/ruby/2.0.0/bundler/gems/spree-108bd3d988c7/frontend/spree_frontend.gemspec
I, [2014-08-29T18:57:43.940617 #85830]  INFO -- : 0:  spree_sample (2.4.0.beta) from /Users/peterberkenbosch/.gem/ruby/2.0.0/bundler/gems/spree-108bd3d988c7/sample/spree_sample.gemspec
I, [2014-08-29T18:57:43.945889 #85830]  INFO -- : 0:  spree (2.4.0.beta) from /Users/peterberkenbosch/.gem/ruby/2.0.0/bundler/gems/spree-108bd3d988c7/spree.gemspec
I, [2014-08-29T18:57:44.037193 #85830]  INFO -- : 0:  spree_auth_devise (2.2.0) from /Users/peterberkenbosch/.gem/ruby/2.0.0/bundler/gems/spree_auth_devise-6f1d6745acd7/spree_auth_devise.gemspec
I, [2014-08-29T18:57:44.039006 #85830]  INFO -- : 0:  spree_mollie (2.4.0) from /Users/peterberkenbosch/code/github/pero-ict-solutions/spree_mollie/spree_mollie.gemspec
I, [2014-08-29T18:57:44.039257 #85830]  INFO -- : 0:  sqlite3 (1.3.9) from /Users/peterberkenbosch/.gem/ruby/2.0.0/specifications/sqlite3-1.3.9.gemspec
